<?xml version="1.0" encoding="UTF-8"?>
<!-- Generated by org.testng.reporters.JUnitReportReporter -->
<testsuite hostname="LAPTOP-B7OG81AQ" failures="0" tests="1" name="pageobjects.BaseClass" time="0.017" errors="0" timestamp="2025-02-22T20:39:40 IST" skipped="0">
  <testcase classname="pageobjects.BaseClass" name="m1" time="0.017"/>
</testsuite> <!-- pageobjects.BaseClass -->
